<?xml version="1.0" encoding="utf-8"?><testsuite errors="0" failures="0" name="pytest" skips="0" tests="3" time="0.194"><testcase classname="test_main" file="test_main.py" line="11" name="test_get_temperature_by_lat_lng[-14.235004--51.92528-62-16]" time="0.004089832305908203"><system-out>62
</system-out></testcase><testcase classname="test_main" file="test_main.py" line="11" name="test_get_temperature_by_lat_lng[42.3601--71.0589-78.76-25]" time="0.0025887489318847656"><system-out>78.76
</system-out></testcase><testcase classname="test_main" file="test_main.py" line="11" name="test_get_temperature_by_lat_lng[-15.826691--47.921822-79.08-26]" time="0.0025708675384521484"><system-out>79.08
</system-out></testcase></testsuite>